Arguments: 
  C:\Program Files\nodejs\node.exe C:\Program Files (x86)\Yarn\bin\yarn.js add reac-router

PATH: 
  C:\Users\Nomadic\bin;C:\Program Files\Git\mingw64\bin;C:\Program Files\Git\usr\local\bin;C:\Program Files\Git\usr\bin;C:\Program Files\Git\usr\bin;C:\Program Files\Git\mingw64\bin;C:\Program Files\Git\usr\bin;C:\Users\Nomadic\bin;C:\Program Files (x86)\Intel\iCLS Client;C:\Program Files\Intel\iCLS Client;C:\WINDOWS\system32;C:\WINDOWS;C:\WINDOWS\System32\Wbem;C:\WINDOWS\System32\WindowsPowerShell\v1.0;C:\Program Files (x86)\Intel\Intel(R) Management Engine Components\DAL;C:\Program Files\Intel\Intel(R) Management Engine Components\DAL;C:\Program Files (x86)\Intel\Intel(R) Management Engine Components\IPT;C:\Program Files\Intel\Intel(R) Management Engine Components\IPT;C:\WINDOWS\System32\OpenSSH;C:\Program Files\PuTTY;C:\Program Files\nodejs;C:\Program Files (x86)\Yarn\bin;C:\Program Files\Intel\WiFi\bin;C:\Program Files\Common Files\Intel\WirelessCommon;C:\Users\Nomadic\AppData\Local\Programs\Python\Python37-32\Scripts;C:\Users\Nomadic\AppData\Local\Programs\Python\Python37-32;C:\Users\Nomadic\AppData\Local\Microsoft\WindowsApps;C:\Users\Nomadic\AppData\Local\Programs\Microsoft VS Code\bin;C:\Users\Nomadic\AppData\Local\atom\bin;C:\Users\Nomadic\AppData\Local\Microsoft\WindowsApps;C:\Users\Nomadic\AppData\Roaming\npm;C:\Users\Nomadic\AppData\Local\Yarn\bin;C:\Program Files\Git\usr\bin\vendor_perl;C:\Program Files\Git\usr\bin\core_perl

Yarn version: 
  1.10.1

Node version: 
  8.12.0

Platform: 
  win32 x64

Trace: 
  Error: https://registry.yarnpkg.com/reac-router: Not found
      at Request.params.callback [as _callback] (C:\Program Files (x86)\Yarn\lib\cli.js:60182:18)
      at Request.self.callback (C:\Program Files (x86)\Yarn\lib\cli.js:120166:22)
      at emitTwo (events.js:126:13)
      at Request.emit (events.js:214:7)
      at Request.<anonymous> (C:\Program Files (x86)\Yarn\lib\cli.js:121138:10)
      at emitOne (events.js:116:13)
      at Request.emit (events.js:211:7)
      at IncomingMessage.<anonymous> (C:\Program Files (x86)\Yarn\lib\cli.js:121060:12)
      at Object.onceWrapper (events.js:313:30)
      at emitNone (events.js:111:20)

npm manifest: 
  No manifest

yarn manifest: 
  No manifest

Lockfile: 
  # THIS IS AN AUTOGENERATED FILE. DO NOT EDIT THIS FILE DIRECTLY.
  # yarn lockfile v1
